# JRE version: Java(TM) SE Runtime Environment (8.0_101-b13) (build 1.8.0_101-b13)
# Java VM: Java HotSpot(TM) 64-Bit Server VM (25.101-b13 mixed mode windows-amd64 compressed oops)
Heap:
 PSYoungGen      total 141824K, used 131440K [0x000000076ad00000, 0x000000077b400000, 0x00000007c0000000)
  eden space 131072K, 98% used [0x000000076ad00000,0x0000000772b34398,0x0000000772d00000)
  from space 10752K, 20% used [0x0000000772d00000,0x0000000772f28020,0x0000000773780000)
  to   space 3584K, 0% used [0x000000077b080000,0x000000077b080000,0x000000077b400000)
 ParOldGen       total 175104K, used 48K [0x00000006c0600000, 0x00000006cb100000, 0x000000076ad00000)
  object space 175104K, 0% used [0x00000006c0600000,0x00000006c060c000,0x00000006cb100000)
 Metaspace       used 9531K, capacity 10314K, committed 10624K, reserved 1058816K
  class space    used 1150K, capacity 1301K, committed 1408K, reserved 1048576K
GC Heap History (10 events):
Event: 1.134 GC heap before
{Heap before GC invocations=1 (full 0):
 PSYoungGen      total 76288K, used 65536K [0x000000076ad00000, 0x0000000770200000, 0x00000007c0000000)
  eden space 65536K, 100% used [0x000000076ad00000,0x000000076ed00000,0x000000076ed00000)
  from space 10752K, 0% used [0x000000076f780000,0x000000076f780000,0x0000000770200000)
  to   space 10752K, 0% used [0x000000076ed00000,0x000000076ed00000,0x000000076f780000)
 ParOldGen       total 175104K, used 0K [0x00000006c0600000, 0x00000006cb100000, 0x000000076ad00000)
  object space 175104K, 0% used [0x00000006c0600000,0x00000006c0600000,0x00000006cb100000)
 Metaspace       used 9468K, capacity 10314K, committed 10624K, reserved 1058816K
  class space    used 1149K, capacity 1301K, committed 1408K, reserved 1048576K
Event: 1.138 GC heap after
Heap after GC invocations=1 (full 0):
 PSYoungGen      total 76288K, used 3275K [0x000000076ad00000, 0x0000000770200000, 0x00000007c0000000)
  eden space 65536K, 0% used [0x000000076ad00000,0x000000076ad00000,0x000000076ed00000)
  from space 10752K, 30% used [0x000000076ed00000,0x000000076f032d48,0x000000076f780000)
  to   space 10752K, 0% used [0x000000076f780000,0x000000076f780000,0x0000000770200000)
 ParOldGen       total 175104K, used 16K [0x00000006c0600000, 0x00000006cb100000, 0x000000076ad00000)
  object space 175104K, 0% used [0x00000006c0600000,0x00000006c0604000,0x00000006cb100000)
 Metaspace       used 9468K, capacity 10314K, committed 10624K, reserved 1058816K
  class space    used 1149K, capacity 1301K, committed 1408K, reserved 1048576K
}
Event: 1.274 GC heap before
{Heap before GC invocations=2 (full 0):
 PSYoungGen      total 76288K, used 68811K [0x000000076ad00000, 0x0000000770200000, 0x00000007c0000000)
  eden space 65536K, 100% used [0x000000076ad00000,0x000000076ed00000,0x000000076ed00000)
  from space 10752K, 30% used [0x000000076ed00000,0x000000076f032d48,0x000000076f780000)
  to   space 10752K, 0% used [0x000000076f780000,0x000000076f780000,0x0000000770200000)
 ParOldGen       total 175104K, used 16K [0x00000006c0600000, 0x00000006cb100000, 0x000000076ad00000)
  object space 175104K, 0% used [0x00000006c0600000,0x00000006c0604000,0x00000006cb100000)
 Metaspace       used 9484K, capacity 10314K, committed 10624K, reserved 1058816K
  class space    used 1149K, capacity 1301K, committed 1408K, reserved 1048576K
Event: 1.277 GC heap after
Heap after GC invocations=2 (full 0):
 PSYoungGen      total 76288K, used 2128K [0x000000076ad00000, 0x0000000774200000, 0x00000007c0000000)
  eden space 65536K, 0% used [0x000000076ad00000,0x000000076ad00000,0x000000076ed00000)
  from space 10752K, 19% used [0x000000076f780000,0x000000076f994010,0x0000000770200000)
  to   space 10752K, 0% used [0x000000076ed00000,0x000000076ed00000,0x000000076f780000)
 ParOldGen       total 175104K, used 24K [0x00000006c0600000, 0x00000006cb100000, 0x000000076ad00000)
  object space 175104K, 0% used [0x00000006c0600000,0x00000006c0606000,0x00000006cb100000)
 Metaspace       used 9484K, capacity 10314K, committed 10624K, reserved 1058816K
  class space    used 1149K, capacity 1301K, committed 1408K, reserved 1048576K
}
Event: 1.365 GC heap before
{Heap before GC invocations=3 (full 0):
 PSYoungGen      total 76288K, used 67664K [0x000000076ad00000, 0x0000000774200000, 0x00000007c0000000)
  eden space 65536K, 100% used [0x000000076ad00000,0x000000076ed00000,0x000000076ed00000)
  from space 10752K, 19% used [0x000000076f780000,0x000000076f994010,0x0000000770200000)
  to   space 10752K, 0% used [0x000000076ed00000,0x000000076ed00000,0x000000076f780000)
 ParOldGen       total 175104K, used 24K [0x00000006c0600000, 0x00000006cb100000, 0x000000076ad00000)
  object space 175104K, 0% used [0x00000006c0600000,0x00000006c0606000,0x00000006cb100000)
 Metaspace       used 9494K, capacity 10314K, committed 10624K, reserved 1058816K
  class space    used 1149K, capacity 1301K, committed 1408K, reserved 1048576K
Event: 1.368 GC heap after
Heap after GC invocations=3 (full 0):
 PSYoungGen      total 76288K, used 2080K [0x000000076ad00000, 0x0000000774200000, 0x00000007c0000000)
  eden space 65536K, 0% used [0x000000076ad00000,0x000000076ad00000,0x000000076ed00000)
  from space 10752K, 19% used [0x000000076ed00000,0x000000076ef08020,0x000000076f780000)
  to   space 10752K, 0% used [0x0000000773780000,0x0000000773780000,0x0000000774200000)
 ParOldGen       total 175104K, used 32K [0x00000006c0600000, 0x00000006cb100000, 0x000000076ad00000)
  object space 175104K, 0% used [0x00000006c0600000,0x00000006c0608000,0x00000006cb100000)
 Metaspace       used 9494K, capacity 10314K, committed 10624K, reserved 1058816K
  class space    used 1149K, capacity 1301K, committed 1408K, reserved 1048576K
}
Event: 1.429 GC heap before
{Heap before GC invocations=4 (full 0):
 PSYoungGen      total 76288K, used 67616K [0x000000076ad00000, 0x0000000774200000, 0x00000007c0000000)
  eden space 65536K, 100% used [0x000000076ad00000,0x000000076ed00000,0x000000076ed00000)
  from space 10752K, 19% used [0x000000076ed00000,0x000000076ef08020,0x000000076f780000)
  to   space 10752K, 0% used [0x0000000773780000,0x0000000773780000,0x0000000774200000)
 ParOldGen       total 175104K, used 32K [0x00000006c0600000, 0x00000006cb100000, 0x000000076ad00000)
  object space 175104K, 0% used [0x00000006c0600000,0x00000006c0608000,0x00000006cb100000)
 Metaspace       used 9498K, capacity 10314K, committed 10624K, reserved 1058816K
  class space    used 1149K, capacity 1301K, committed 1408K, reserved 1048576K
Event: 1.432 GC heap after
Heap after GC invocations=4 (full 0):
 PSYoungGen      total 141824K, used 2080K [0x000000076ad00000, 0x0000000774200000, 0x00000007c0000000)
  eden space 131072K, 0% used [0x000000076ad00000,0x000000076ad00000,0x0000000772d00000)
  from space 10752K, 19% used [0x0000000773780000,0x0000000773988020,0x0000000774200000)
  to   space 10752K, 0% used [0x0000000772d00000,0x0000000772d00000,0x0000000773780000)
 ParOldGen       total 175104K, used 40K [0x00000006c0600000, 0x00000006cb100000, 0x000000076ad00000)
  object space 175104K, 0% used [0x00000006c0600000,0x00000006c060a000,0x00000006cb100000)
 Metaspace       used 9498K, capacity 10314K, committed 10624K, reserved 1058816K
  class space    used 1149K, capacity 1301K, committed 1408K, reserved 1048576K
}
Event: 1.572 GC heap before
{Heap before GC invocations=5 (full 0):
 PSYoungGen      total 141824K, used 133152K [0x000000076ad00000, 0x0000000774200000, 0x00000007c0000000)
  eden space 131072K, 100% used [0x000000076ad00000,0x0000000772d00000,0x0000000772d00000)
  from space 10752K, 19% used [0x0000000773780000,0x0000000773988020,0x0000000774200000)
  to   space 10752K, 0% used [0x0000000772d00000,0x0000000772d00000,0x0000000773780000)
 ParOldGen       total 175104K, used 40K [0x00000006c0600000, 0x00000006cb100000, 0x000000076ad00000)
  object space 175104K, 0% used [0x00000006c0600000,0x00000006c060a000,0x00000006cb100000)
 Metaspace       used 9501K, capacity 10314K, committed 10624K, reserved 1058816K
  class space    used 1149K, capacity 1301K, committed 1408K, reserved 1048576K
Event: 1.575 GC heap after
Heap after GC invocations=5 (full 0):
 PSYoungGen      total 141824K, used 2208K [0x000000076ad00000, 0x000000077b400000, 0x00000007c0000000)
  eden space 131072K, 0% used [0x000000076ad00000,0x000000076ad00000,0x0000000772d00000)
  from space 10752K, 20% used [0x0000000772d00000,0x0000000772f28020,0x0000000773780000)
  to   space 3584K, 0% used [0x000000077b080000,0x000000077b080000,0x000000077b400000)
 ParOldGen       total 175104K, used 48K [0x00000006c0600000, 0x00000006cb100000, 0x000000076ad00000)
  object space 175104K, 0% used [0x00000006c0600000,0x00000006c060c000,0x00000006cb100000)
 Metaspace       used 9501K, capacity 10314K, committed 10624K, reserved 1058816K
  class space    used 1149K, capacity 1301K, committed 1408K, reserved 1048576K
}

